<?xml version="1.0" encoding="UTF-8"?>
<!-- Generated by org.testng.reporters.JUnitReportReporter -->
<testsuite hostname="LAPTOP-T3ULBUPM" failures="0" tests="3" name="com.midhun.crmpro.tests.ContactsPageTest" time="263.682" errors="0" timestamp="08 Jul 2019 16:21:19 GMT" skipped="0">
  <testcase classname="com.midhun.crmpro.tests.ContactsPageTest" name="validateContactsLabelTest" time="86.740"/>
  <testcase classname="com.midhun.crmpro.tests.ContactsPageTest" name="selectSingleContactTest" time="86.225"/>
  <testcase classname="com.midhun.crmpro.tests.ContactsPageTest" name="selectMultipleContactsTest" time="90.717"/>
</testsuite> <!-- com.midhun.crmpro.tests.ContactsPageTest -->
