<?xml version="1.0" encoding="UTF-8"?>
<!-- Generated by org.testng.reporters.JUnitReportReporter -->
<testsuite hostname="LAPTOP-T3ULBUPM" failures="0" tests="3" name="com.midhun.crmpro.tests.NewContactPageTest" time="162.765" errors="0" timestamp="15 May 2019 15:12:15 GMT" skipped="0">
  <testcase classname="com.midhun.crmpro.tests.NewContactPageTest" name="createNewContactTest" time="52.106"/>
  <testcase classname="com.midhun.crmpro.tests.NewContactPageTest" name="createNewContactTest" time="58.277"/>
  <testcase classname="com.midhun.crmpro.tests.NewContactPageTest" name="createNewContactTest" time="52.382"/>
</testsuite> <!-- com.midhun.crmpro.tests.NewContactPageTest -->
