<?xml version="1.0" encoding="UTF-8"?>
<!-- Generated by org.testng.reporters.JUnitReportReporter -->
<testsuite hostname="LAPTOP-T3ULBUPM" failures="0" tests="3" name="com.midhun.crmpro.tests.HomePageTest" time="193.617" errors="0" timestamp="08 Jul 2019 16:21:19 GMT" skipped="0">
  <testcase classname="com.midhun.crmpro.tests.HomePageTest" name="validateHomePageTitleTest" time="56.661"/>
  <testcase classname="com.midhun.crmpro.tests.HomePageTest" name="validateLoggedInUserNameTest" time="56.210"/>
  <testcase classname="com.midhun.crmpro.tests.HomePageTest" name="validateContactsLink" time="80.746"/>
</testsuite> <!-- com.midhun.crmpro.tests.HomePageTest -->
