<?xml version="1.0" encoding="UTF-8"?>
<!-- Generated by org.testng.reporters.JUnitReportReporter -->
<testsuite hostname="LAPTOP-T3ULBUPM" failures="0" tests="3" name="com.midhun.crmpro.tests.NewContactPageTest" time="212.687" errors="0" timestamp="08 Jul 2019 16:21:19 GMT" skipped="0">
  <testcase classname="com.midhun.crmpro.tests.NewContactPageTest" name="createNewContactTest" time="66.788"/>
  <testcase classname="com.midhun.crmpro.tests.NewContactPageTest" name="createNewContactTest" time="70.520"/>
  <testcase classname="com.midhun.crmpro.tests.NewContactPageTest" name="createNewContactTest" time="75.379"/>
</testsuite> <!-- com.midhun.crmpro.tests.NewContactPageTest -->
