<?xml version="1.0" encoding="UTF-8"?>
<!-- Generated by org.testng.reporters.JUnitReportReporter -->
<testsuite hostname="LAPTOP-T3ULBUPM" failures="0" tests="3" name="com.midhun.crmpro.tests.ContactsPageTest" time="219.686" errors="0" timestamp="15 May 2019 15:12:15 GMT" skipped="0">
  <testcase classname="com.midhun.crmpro.tests.ContactsPageTest" name="validateContactsLabelTest" time="74.328"/>
  <testcase classname="com.midhun.crmpro.tests.ContactsPageTest" name="selectSingleContactTest" time="70.386"/>
  <testcase classname="com.midhun.crmpro.tests.ContactsPageTest" name="selectMultipleContactsTest" time="74.972"/>
</testsuite> <!-- com.midhun.crmpro.tests.ContactsPageTest -->
