<?xml version="1.0" encoding="UTF-8"?>
<!-- Generated by org.testng.reporters.JUnitReportReporter -->
<testsuite hostname="LAPTOP-T3ULBUPM" failures="0" tests="3" name="com.midhun.crmpro.tests.NewContactPageTest" time="162.622" errors="0" timestamp="15 May 2019 15:37:13 GMT" skipped="0">
  <testcase classname="com.midhun.crmpro.tests.NewContactPageTest" name="createNewContactTest" time="56.290"/>
  <testcase classname="com.midhun.crmpro.tests.NewContactPageTest" name="createNewContactTest" time="52.486"/>
  <testcase classname="com.midhun.crmpro.tests.NewContactPageTest" name="createNewContactTest" time="53.846"/>
</testsuite> <!-- com.midhun.crmpro.tests.NewContactPageTest -->
