<?xml version="1.0" encoding="UTF-8"?>
<!-- Generated by org.testng.reporters.JUnitReportReporter -->
<testsuite hostname="LAPTOP-T3ULBUPM" failures="0" tests="3" name="com.midhun.crmpro.tests.HomePageTest" time="212.836" errors="0" timestamp="08 Jul 2019 18:21:41 GMT" skipped="0">
  <testcase classname="com.midhun.crmpro.tests.HomePageTest" name="validateHomePageTitleTest" time="62.401"/>
  <testcase classname="com.midhun.crmpro.tests.HomePageTest" name="validateLoggedInUserNameTest" time="61.268"/>
  <testcase classname="com.midhun.crmpro.tests.HomePageTest" name="validateContactsLink" time="89.167"/>
</testsuite> <!-- com.midhun.crmpro.tests.HomePageTest -->
