<?xml version="1.0" encoding="UTF-8"?>
<!-- Generated by org.testng.reporters.JUnitReportReporter -->
<testsuite hostname="LAPTOP-T3ULBUPM" failures="0" tests="3" name="com.midhun.crmpro.tests.NewContactPageTest" time="200.558" errors="0" timestamp="08 Jul 2019 18:21:41 GMT" skipped="0">
  <testcase classname="com.midhun.crmpro.tests.NewContactPageTest" name="createNewContactTest" time="63.801"/>
  <testcase classname="com.midhun.crmpro.tests.NewContactPageTest" name="createNewContactTest" time="67.521"/>
  <testcase classname="com.midhun.crmpro.tests.NewContactPageTest" name="createNewContactTest" time="69.236"/>
</testsuite> <!-- com.midhun.crmpro.tests.NewContactPageTest -->
