<?xml version="1.0" encoding="UTF-8"?>
<!-- Generated by org.testng.reporters.JUnitReportReporter -->
<testsuite hostname="LAPTOP-T3ULBUPM" failures="0" tests="3" name="com.midhun.crmpro.tests.HomePageTest" time="268.045" errors="0" timestamp="15 May 2019 15:37:13 GMT" skipped="0">
  <testcase classname="com.midhun.crmpro.tests.HomePageTest" name="validateHomePageTitleTest" time="112.301"/>
  <testcase classname="com.midhun.crmpro.tests.HomePageTest" name="validateLoggedInUserNameTest" time="56.278"/>
  <testcase classname="com.midhun.crmpro.tests.HomePageTest" name="validateContactsLink" time="99.466"/>
</testsuite> <!-- com.midhun.crmpro.tests.HomePageTest -->
