<?xml version="1.0" encoding="UTF-8"?>
<!-- Generated by org.testng.reporters.JUnitReportReporter -->
<testsuite hostname="LAPTOP-T3ULBUPM" failures="0" tests="3" name="com.midhun.crmpro.tests.ContactsPageTest" time="239.810" errors="0" timestamp="08 Jul 2019 18:21:41 GMT" skipped="0">
  <testcase classname="com.midhun.crmpro.tests.ContactsPageTest" name="validateContactsLabelTest" time="74.690"/>
  <testcase classname="com.midhun.crmpro.tests.ContactsPageTest" name="selectSingleContactTest" time="80.927"/>
  <testcase classname="com.midhun.crmpro.tests.ContactsPageTest" name="selectMultipleContactsTest" time="84.193"/>
</testsuite> <!-- com.midhun.crmpro.tests.ContactsPageTest -->
